<?xml version="1.0" encoding="UTF-8"?>
<!-- Generated by org.testng.reporters.JUnitReportReporter -->
<testsuite hostname="DESKTOP-4KRAEP9" failures="0" tests="4" name="basicTestng.TestRun_02" time="0.011" errors="0" timestamp="2023-10-03T21:50:57 BDT" skipped="0">
  <testcase classname="basicTestng.TestRun_02" name="weblogin" time="0.003"/>
  <testcase classname="basicTestng.TestRun_02" name="testrun_03" time="0.003"/>
  <testcase classname="basicTestng.TestRun_02" name="apiTesting" time="0.002"/>
  <testcase classname="basicTestng.TestRun_02" name="moblielogin" time="0.003"/>
</testsuite> <!-- basicTestng.TestRun_02 -->
