<?xml version="1.0" encoding="UTF-8"?>
<!-- Generated by org.testng.reporters.JUnitReportReporter -->
<testsuite hostname="DESKTOP-4KRAEP9" failures="0" tests="1" name="basicTestng.TestRun_01" time="0.018" errors="0" timestamp="2023-10-03T21:21:20 BDT" skipped="0">
  <testcase classname="basicTestng.TestRun_01" name="testRun02" time="0.018"/>
</testsuite> <!-- basicTestng.TestRun_01 -->
