<?xml version="1.0" encoding="UTF-8"?>
<!-- Generated by org.testng.reporters.JUnitReportReporter -->
<testsuite hostname="DESKTOP-4KRAEP9" failures="0" tests="1" name="allureReports.TestAllureReport" time="18.756" errors="0" timestamp="2024-01-12T16:09:05 BDT" skipped="0">
  <testcase classname="allureReports.TestAllureReport" name="setUp" time="18.756"/>
</testsuite> <!-- allureReports.TestAllureReport -->
