<?xml version="1.0" encoding="UTF-8"?>
<!-- Generated by org.testng.reporters.JUnitReportReporter -->
<testsuite hostname="DESKTOP-4KRAEP9" failures="0" tests="2" name="webBase.Base" time="9.944" errors="0" timestamp="2023-08-26T20:36:47 BDT" skipped="0">
  <testcase classname="webBase.Base" name="searchKeyWord" time="3.152"/>
  <system-out/>
  <testcase classname="webBase.Base" name="searchKeyWord" time="6.792"/>
  <system-out/>
</testsuite> <!-- webBase.Base -->
