<?xml version="1.0" encoding="UTF-8"?>
<!-- Generated by org.testng.reporters.JUnitReportReporter -->
<testsuite hostname="DESKTOP-4KRAEP9" failures="0" tests="2" name="basicTestng.TestRun_02" time="0.008" errors="0" timestamp="2023-10-03T21:21:20 BDT" skipped="0">
  <testcase classname="basicTestng.TestRun_02" name="testrun_03" time="0.004"/>
  <testcase classname="basicTestng.TestRun_02" name="apiTesting" time="0.004"/>
</testsuite> <!-- basicTestng.TestRun_02 -->
