<?xml version="1.0" encoding="UTF-8"?>
<!-- Generated by org.testng.reporters.JUnitReportReporter -->
<testsuite hostname="DESKTOP-4KRAEP9" failures="0" tests="1" name="basicselenium.MouseActionsClick" time="3.168" errors="0" timestamp="2023-10-09T23:37:15 BDT" skipped="0">
  <testcase classname="basicselenium.MouseActionsClick" name="actionDemo" time="3.168"/>
</testsuite> <!-- basicselenium.MouseActionsClick -->
